c:\users\gebruiker\documents\github\include\include\debug\include.pdb
c:\users\gebruiker\documents\github\include\include\debug\include.idb
c:\users\gebruiker\documents\github\include\include\debug\include.obj
c:\users\gebruiker\documents\github\include\include\debug\image.obj
c:\users\gebruiker\documents\github\include\include\debug\hsf.obj
c:\users\gebruiker\documents\github\include\include\debug\graphicsamp.obj
c:\users\gebruiker\documents\github\include\include\debug\graphics.obj
c:\users\gebruiker\documents\github\include\include\debug\globalfunctions.obj
c:\users\gebruiker\documents\github\include\include\debug\function.obj
c:\users\gebruiker\documents\github\include\include\debug\frustum.obj
c:\users\gebruiker\documents\github\include\include\debug\form.obj
c:\users\gebruiker\documents\github\include\include\debug\font.obj
c:\users\gebruiker\documents\github\include\include\debug\fastlayer.obj
c:\users\gebruiker\documents\github\include\include\debug\errors.obj
c:\users\gebruiker\documents\github\include\include\debug\compiler.obj
c:\users\gebruiker\documents\github\include\include\debug\collisions.obj
c:\users\gebruiker\documents\github\include\include\debug\button.obj
c:\users\gebruiker\documents\github\include\include\debug\brushes.obj
c:\users\gebruiker\documents\github\include\include\debug\brush.obj
c:\users\gebruiker\documents\github\include\include\debug\bodypart2d.obj
c:\users\gebruiker\documents\github\include\include\debug\bodypart.obj
c:\users\gebruiker\documents\github\include\include\debug\area.obj
c:\users\gebruiker\documents\github\include\include\debug\control.obj
c:\users\gebruiker\documents\github\include\include\debug\triangle.obj
c:\users\gebruiker\documents\github\include\include\debug\timemath.obj
c:\users\gebruiker\documents\github\include\include\debug\texture.obj
c:\users\gebruiker\documents\github\include\include\debug\textbox.obj
c:\users\gebruiker\documents\github\include\include\debug\standardarea.obj
c:\users\gebruiker\documents\github\include\include\debug\squaretex.obj
c:\users\gebruiker\documents\github\include\include\debug\ai.obj
c:\users\gebruiker\documents\github\include\include\debug\sound.obj
c:\users\gebruiker\documents\github\include\include\debug\simplexnoise.obj
c:\users\gebruiker\documents\github\include\include\debug\picturebox.obj
c:\users\gebruiker\documents\github\include\include\debug\mesh.obj
c:\users\gebruiker\documents\github\include\include\debug\memorymanagement.obj
c:\users\gebruiker\documents\github\include\include\debug\filedialog.obj
c:\users\gebruiker\documents\github\include\include\debug\mathfunctions.obj
c:\users\gebruiker\documents\github\include\include\debug\mat4x4.obj
c:\users\gebruiker\documents\github\include\include\debug\mat3x3.obj
c:\users\gebruiker\documents\github\include\include\debug\mat2x2.obj
c:\users\gebruiker\documents\github\include\include\debug\layernoisesimplex.obj
c:\users\gebruiker\documents\github\include\include\debug\interaction.obj
c:\users\gebruiker\documents\github\include\include\debug\fontfamily.obj
c:\users\gebruiker\documents\github\include\include\debug\checkbox.obj
c:\users\gebruiker\documents\github\include\include\debug\slider.obj
c:\users\gebruiker\documents\github\include\include\debug\application.obj
c:\users\gebruiker\documents\github\sfml and include\debug\include.lib
c:\users\gebruiker\documents\github\medieval survival with controls\debug\include.lib
c:\users\gebruiker\documents\github\include\include\debug\include.tlog\cl.command.1.tlog
c:\users\gebruiker\documents\github\include\include\debug\include.tlog\cl.read.1.tlog
c:\users\gebruiker\documents\github\include\include\debug\include.tlog\cl.write.1.tlog
c:\users\gebruiker\documents\github\include\include\debug\include.tlog\lib-link.read.1.tlog
c:\users\gebruiker\documents\github\include\include\debug\include.tlog\lib-link.write.1.tlog
c:\users\gebruiker\documents\github\include\include\debug\include.tlog\lib.command.1.tlog
