c:\users\gebruiker\documents\github\include\standard\part 6\x64\release\vc142.pdb
c:\users\gebruiker\documents\github\include\standard\part 6\x64\release\main.obj
c:\users\gebruiker\documents\github\mandelbrot\part 1\x64\release\project.exe
c:\users\gebruiker\documents\github\mandelbrot\part 1\x64\release\project.pdb
c:\users\gebruiker\documents\github\mandelbrot\part 1\x64\release\project.ipdb
c:\users\gebruiker\documents\github\mandelbrot\part 1\x64\release\project.iobj
c:\users\gebruiker\documents\github\include\standard\x64\release\project.ipdb
c:\users\gebruiker\documents\github\include\standard\x64\release\project.iobj
c:\users\gebruiker\documents\github\include\standard\part 6\x64\release\part 6.res
c:\users\gebruiker\documents\github\include\standard\x64\release\project.pdb
c:\users\gebruiker\documents\github\include\standard\part 6\x64\release\project.tlog\cl.command.1.tlog
c:\users\gebruiker\documents\github\include\standard\part 6\x64\release\project.tlog\cl.read.1.tlog
c:\users\gebruiker\documents\github\include\standard\part 6\x64\release\project.tlog\cl.write.1.tlog
c:\users\gebruiker\documents\github\include\standard\part 6\x64\release\project.tlog\link.command.1.tlog
c:\users\gebruiker\documents\github\include\standard\part 6\x64\release\project.tlog\link.delete.1.tlog
c:\users\gebruiker\documents\github\include\standard\part 6\x64\release\project.tlog\link.read.1.tlog
c:\users\gebruiker\documents\github\include\standard\part 6\x64\release\project.tlog\link.write.1.tlog
c:\users\gebruiker\documents\github\include\standard\part 6\x64\release\project.tlog\project.write.1u.tlog
c:\users\gebruiker\documents\github\include\standard\part 6\x64\release\project.tlog\rc.command.1.tlog
c:\users\gebruiker\documents\github\include\standard\part 6\x64\release\project.tlog\rc.read.1.tlog
c:\users\gebruiker\documents\github\include\standard\part 6\x64\release\project.tlog\rc.write.1.tlog
