c:\users\gebruiker\documents\github\include\include\x64\release\include.pdb
c:\users\gebruiker\documents\github\include\include\x64\release\interaction.obj
c:\users\gebruiker\documents\github\include\include\x64\release\include.obj
c:\users\gebruiker\documents\github\include\include\x64\release\image.obj
c:\users\gebruiker\documents\github\include\include\x64\release\hsf.obj
c:\users\gebruiker\documents\github\include\include\x64\release\graphicsamp.obj
c:\users\gebruiker\documents\github\include\include\x64\release\graphics.obj
c:\users\gebruiker\documents\github\include\include\x64\release\globalfunctions.obj
c:\users\gebruiker\documents\github\include\include\x64\release\function.obj
c:\users\gebruiker\documents\github\include\include\x64\release\frustum.obj
c:\users\gebruiker\documents\github\include\include\x64\release\form.obj
c:\users\gebruiker\documents\github\include\include\x64\release\font.obj
c:\users\gebruiker\documents\github\include\include\x64\release\fastlayer.obj
c:\users\gebruiker\documents\github\include\include\x64\release\errors.obj
c:\users\gebruiker\documents\github\include\include\x64\release\compiler.obj
c:\users\gebruiker\documents\github\include\include\x64\release\collisions.obj
c:\users\gebruiker\documents\github\include\include\x64\release\button.obj
c:\users\gebruiker\documents\github\include\include\x64\release\brushes.obj
c:\users\gebruiker\documents\github\include\include\x64\release\brush.obj
c:\users\gebruiker\documents\github\include\include\x64\release\bodypart.obj
c:\users\gebruiker\documents\github\include\include\x64\release\area.obj
c:\users\gebruiker\documents\github\include\include\x64\release\control.obj
c:\users\gebruiker\documents\github\include\include\x64\release\triangle.obj
c:\users\gebruiker\documents\github\include\include\x64\release\timemath.obj
c:\users\gebruiker\documents\github\include\include\x64\release\texture.obj
c:\users\gebruiker\documents\github\include\include\x64\release\textbox.obj
c:\users\gebruiker\documents\github\include\include\x64\release\standardarea.obj
c:\users\gebruiker\documents\github\include\include\x64\release\squaretex.obj
c:\users\gebruiker\documents\github\include\include\x64\release\ai.obj
c:\users\gebruiker\documents\github\include\include\x64\release\sound.obj
c:\users\gebruiker\documents\github\include\include\x64\release\simplexnoise.obj
c:\users\gebruiker\documents\github\include\include\x64\release\picturebox.obj
c:\users\gebruiker\documents\github\include\include\x64\release\mesh.obj
c:\users\gebruiker\documents\github\include\include\x64\release\memorymanagement.obj
c:\users\gebruiker\documents\github\include\include\x64\release\filedialog.obj
c:\users\gebruiker\documents\github\include\include\x64\release\mathfunctions.obj
c:\users\gebruiker\documents\github\include\include\x64\release\mat4x4.obj
c:\users\gebruiker\documents\github\include\include\x64\release\mat3x3.obj
c:\users\gebruiker\documents\github\include\include\x64\release\mat2x2.obj
c:\users\gebruiker\documents\github\include\include\x64\release\layernoisesimplex.obj
c:\users\gebruiker\documents\github\medieval survival\x64\release\include.lib
c:\users\gebruiker\documents\github\include\include\x64\release\include.tlog\cl.command.1.tlog
c:\users\gebruiker\documents\github\include\include\x64\release\include.tlog\cl.read.1.tlog
c:\users\gebruiker\documents\github\include\include\x64\release\include.tlog\cl.write.1.tlog
c:\users\gebruiker\documents\github\include\include\x64\release\include.tlog\lib-link.read.1.tlog
c:\users\gebruiker\documents\github\include\include\x64\release\include.tlog\lib-link.write.1.tlog
c:\users\gebruiker\documents\github\include\include\x64\release\include.tlog\lib.command.1.tlog
