c:\users\gebruiker\documents\github\basic-3d-graphics-engine\part 6\part 6\debug\vc142.pdb
c:\users\gebruiker\documents\github\basic-3d-graphics-engine\part 6\part 6\debug\vc142.idb
c:\users\gebruiker\documents\github\basic-3d-graphics-engine\part 6\part 6\debug\vec3.obj
c:\users\gebruiker\documents\github\basic-3d-graphics-engine\part 6\part 6\debug\mat3x3.obj
c:\users\gebruiker\documents\github\basic-3d-graphics-engine\part 6\part 6\debug\main.obj
c:\users\gebruiker\documents\github\basic-3d-graphics-engine\part 6\part 6\debug\globalfunctions.obj
c:\users\gebruiker\documents\github\basic-3d-graphics-engine\part 6\debug\part 6.exe
c:\users\gebruiker\documents\github\basic-3d-graphics-engine\part 6\debug\part 6.ilk
c:\users\gebruiker\documents\github\basic-3d-graphics-engine\part 6\debug\part 6.pdb
c:\users\gebruiker\documents\github\basic-3d-graphics-engine\part 6\part 6\debug\part 6.res
c:\users\gebruiker\documents\github\basic-3d-graphics-engine\part 6\part 6\debug\nativecodeanalysis.read.1.tlog
c:\users\gebruiker\documents\github\basic-3d-graphics-engine\part 6\part 6\debug\main.nativecodeanalysis.xml
c:\users\gebruiker\documents\github\basic-3d-graphics-engine\part 6\part 6\debug\vc.nativecodeanalysis.all.xml
c:\users\gebruiker\documents\github\basic-3d-graphics-engine\part 6\debug\part 6.exe.lastcodeanalysissucceeded
c:\users\gebruiker\documents\github\basic-3d-graphics-engine\part 6\part 6\debug\part 6.tlog\cl.command.1.tlog
c:\users\gebruiker\documents\github\basic-3d-graphics-engine\part 6\part 6\debug\part 6.tlog\cl.read.1.tlog
c:\users\gebruiker\documents\github\basic-3d-graphics-engine\part 6\part 6\debug\part 6.tlog\cl.write.1.tlog
c:\users\gebruiker\documents\github\basic-3d-graphics-engine\part 6\part 6\debug\part 6.tlog\link.command.1.tlog
c:\users\gebruiker\documents\github\basic-3d-graphics-engine\part 6\part 6\debug\part 6.tlog\link.read.1.tlog
c:\users\gebruiker\documents\github\basic-3d-graphics-engine\part 6\part 6\debug\part 6.tlog\link.write.1.tlog
c:\users\gebruiker\documents\github\basic-3d-graphics-engine\part 6\part 6\debug\part 6.tlog\rc.command.1.tlog
c:\users\gebruiker\documents\github\basic-3d-graphics-engine\part 6\part 6\debug\part 6.tlog\rc.read.1.tlog
c:\users\gebruiker\documents\github\basic-3d-graphics-engine\part 6\part 6\debug\part 6.tlog\rc.write.1.tlog
